2021-11-23 16:00:26 INFO  Log:11 - =====================================Logintest TEST START=========================================
2021-11-23 16:00:26 INFO  Log:22 - user going to click on signin button
2021-11-23 16:01:15 INFO  Log:22 - Enter username and Password
2021-11-23 16:01:18 INFO  Log:22 - Login is successfully Done
2021-11-23 20:23:48 INFO  Log:11 - =====================================Logintest TEST START=========================================
2021-11-23 20:23:48 INFO  Log:22 - user going to click on signin button
2021-11-23 20:24:05 INFO  Log:22 - Enter username and Password
2021-11-23 20:24:58 INFO  Log:11 - =====================================Logintest TEST START=========================================
2021-11-23 20:24:58 INFO  Log:22 - user going to click on signin button
2021-11-23 20:25:01 INFO  Log:22 - Enter username and Password
2021-11-23 20:30:51 INFO  Log:11 - =====================================Logintest TEST START=========================================
2021-11-23 20:30:51 INFO  Log:22 - user going to click on signin button
2021-11-23 20:30:53 INFO  Log:22 - Enter username and Password
2021-11-23 20:31:56 INFO  Log:11 - =====================================Logintest TEST START=========================================
2021-11-23 20:31:56 INFO  Log:22 - user going to click on signin button
2021-11-23 20:31:59 INFO  Log:22 - Enter username and Password
2021-11-23 20:41:05 INFO  Log:11 - =====================================Logintest TEST START=========================================
2021-11-23 20:41:05 INFO  Log:22 - user going to click on signin button
2021-11-23 20:41:09 INFO  Log:22 - Enter username and Password
2021-11-23 20:41:45 INFO  Log:11 - =====================================Logintest TEST START=========================================
2021-11-23 20:41:45 INFO  Log:22 - user going to click on signin button
2021-11-23 20:41:48 INFO  Log:22 - Enter username and Password
2021-11-24 09:47:20 INFO  Log:11 - =====================================Logintest TEST START=========================================
2021-11-24 09:47:21 INFO  Log:22 - user going to click on signin button
2021-11-24 09:47:49 INFO  Log:22 - Enter username and Password
2021-11-24 09:50:20 INFO  Log:11 - =====================================Logintest TEST START=========================================
2021-11-24 09:50:20 INFO  Log:22 - user going to click on signin button
2021-11-24 09:50:23 INFO  Log:22 - Enter username and Password
2021-11-24 09:50:26 INFO  Log:22 - Login is successfully Done
2021-11-24 09:50:26 INFO  Log:15 - =====================================Logintest TEST END=========================================
2021-11-24 09:52:15 INFO  Log:11 - =====================================Logintest TEST START=========================================
2021-11-24 09:52:15 INFO  Log:22 - user going to click on signin button
2021-11-24 09:52:17 INFO  Log:22 - Enter username and Password
2021-11-24 09:52:21 INFO  Log:22 - Login is successfully Done
2021-11-24 09:52:21 INFO  Log:15 - =====================================Logintest TEST END=========================================
2021-11-24 10:10:17 INFO  Log:11 - =====================================Logintest TEST START=========================================
2021-11-24 10:10:17 INFO  Log:22 - user going to click on signin button
2021-11-24 10:10:19 INFO  Log:22 - Enter username and Password
2021-11-24 10:10:21 INFO  Log:22 - Login is successfully Done
2021-11-24 10:10:21 INFO  Log:15 - =====================================Logintest TEST END=========================================
2021-11-24 10:12:04 INFO  Log:11 - =====================================Logintest TEST START=========================================
2021-11-24 10:12:04 INFO  Log:22 - user going to click on signin button
2021-11-24 10:12:06 INFO  Log:22 - Enter username and Password
2021-11-24 10:12:09 INFO  Log:22 - Login is successfully Done
2021-11-24 10:12:09 INFO  Log:15 - =====================================Logintest TEST END=========================================
2021-11-24 11:42:13 INFO  Log:11 - =====================================Logintest TEST START=========================================
2021-11-24 11:42:13 INFO  Log:22 - user going to click on signin button
2021-11-24 11:42:36 INFO  Log:22 - Enter username and Password
2021-11-24 11:42:45 INFO  Log:22 - Login is successfully Done
2021-11-24 11:42:45 INFO  Log:15 - =====================================Logintest TEST END=========================================
2021-11-24 11:44:27 INFO  Log:11 - =====================================Logintest TEST START=========================================
2021-11-24 11:44:27 INFO  Log:22 - user going to click on signin button
2021-11-24 11:44:32 INFO  Log:22 - Enter username and Password
2021-11-24 11:44:39 INFO  Log:22 - Login is successfully Done
2021-11-24 11:44:39 INFO  Log:15 - =====================================Logintest TEST END=========================================
2021-11-24 15:27:20 INFO  Log:11 - =====================================Logintest TEST START=========================================
2021-11-24 15:27:20 INFO  Log:22 - user going to click on signin button
2021-11-24 15:27:59 INFO  Log:22 - Enter username and Password
2021-11-24 15:28:05 INFO  Log:22 - Login is successfully Done
2021-11-24 15:28:05 INFO  Log:15 - =====================================Logintest TEST END=========================================
2021-11-24 15:30:03 INFO  Log:11 - =====================================Logintest TEST START=========================================
2021-11-24 15:30:03 INFO  Log:22 - user going to click on signin button
2021-11-24 15:30:15 INFO  Log:22 - Enter username and Password
2021-11-24 15:30:29 INFO  Log:22 - Login is successfully Done
2021-11-24 15:30:29 INFO  Log:15 - =====================================Logintest TEST END=========================================
2021-11-24 17:23:27 INFO  Log:11 - =====================================Logintest TEST START=========================================
2021-11-24 17:23:27 INFO  Log:22 - user going to click on signin button
2021-11-24 17:23:30 INFO  Log:22 - Enter username and Password
2021-11-24 17:23:33 INFO  Log:22 - Login is successfully Done
2021-11-24 17:23:33 INFO  Log:15 - =====================================Logintest TEST END=========================================
2021-11-24 17:25:18 INFO  Log:11 - =====================================Logintest TEST START=========================================
2021-11-24 17:25:18 INFO  Log:22 - user going to click on signin button
2021-11-24 17:25:21 INFO  Log:22 - Enter username and Password
2021-11-24 17:25:24 INFO  Log:22 - Login is successfully Done
2021-11-24 17:25:24 INFO  Log:15 - =====================================Logintest TEST END=========================================
2021-11-24 20:34:18 INFO  Log:11 - =====================================Logintest TEST START=========================================
2021-11-24 20:34:18 INFO  Log:22 - user going to click on signin button
2021-11-24 20:34:21 INFO  Log:22 - Enter username and Password
2021-11-24 20:34:24 INFO  Log:22 - Login is successfully Done
2021-11-24 20:34:24 INFO  Log:15 - =====================================Logintest TEST END=========================================
2021-11-24 20:35:09 INFO  Log:11 - =====================================Logintest TEST START=========================================
2021-11-24 20:35:09 INFO  Log:22 - user going to click on signin button
2021-11-24 20:35:13 INFO  Log:22 - Enter username and Password
2021-11-24 20:35:18 INFO  Log:22 - Login is successfully Done
2021-11-24 20:35:18 INFO  Log:15 - =====================================Logintest TEST END=========================================
2021-11-24 20:42:25 DEBUG cache:45 - Couldn't find template in cache for "v3html/v3-html-index.ftl"("en", UTF-8, parsed); will try to load it.
2021-11-24 20:42:25 DEBUG cache:45 - TemplateLoader.findTemplateSource("v3html/v3-html-index_en.ftl"): Not found
2021-11-24 20:42:25 DEBUG cache:45 - TemplateLoader.findTemplateSource("v3html/v3-html-index.ftl"): Found
2021-11-24 20:42:25 DEBUG cache:45 - Loading template for "v3html/v3-html-index.ftl"("en", UTF-8, parsed) from "jar:file:/C:/Users/admin/.m2/repository/com/aventstack/extentreports/4.0.9/extentreports-4.0.9.jar!/com/aventstack/extentreports/view/v3html/v3-html-index.ftl"
2021-11-24 20:42:26 DEBUG cache:45 - Couldn't find template in cache for "v3html/v3-html-head.ftl"("en", UTF-8, parsed); will try to load it.
2021-11-24 20:42:26 DEBUG cache:45 - TemplateLoader.findTemplateSource("v3html/v3-html-head_en.ftl"): Not found
2021-11-24 20:42:26 DEBUG cache:45 - TemplateLoader.findTemplateSource("v3html/v3-html-head.ftl"): Found
2021-11-24 20:42:26 DEBUG cache:45 - Loading template for "v3html/v3-html-head.ftl"("en", UTF-8, parsed) from "jar:file:/C:/Users/admin/.m2/repository/com/aventstack/extentreports/4.0.9/extentreports-4.0.9.jar!/com/aventstack/extentreports/view/v3html/v3-html-head.ftl"
2021-11-24 20:42:26 DEBUG cache:45 - Couldn't find template in cache for "v3html/v3-html-nav.ftl"("en", UTF-8, parsed); will try to load it.
2021-11-24 20:42:26 DEBUG cache:45 - TemplateLoader.findTemplateSource("v3html/v3-html-nav_en.ftl"): Not found
2021-11-24 20:42:26 DEBUG cache:45 - TemplateLoader.findTemplateSource("v3html/v3-html-nav.ftl"): Found
2021-11-24 20:42:26 DEBUG cache:45 - Loading template for "v3html/v3-html-nav.ftl"("en", UTF-8, parsed) from "jar:file:/C:/Users/admin/.m2/repository/com/aventstack/extentreports/4.0.9/extentreports-4.0.9.jar!/com/aventstack/extentreports/view/v3html/v3-html-nav.ftl"
2021-11-24 20:42:26 DEBUG cache:45 - Couldn't find template in cache for "v3html/test-view/v3-html-test-view.ftl"("en", UTF-8, parsed); will try to load it.
2021-11-24 20:42:26 DEBUG cache:45 - TemplateLoader.findTemplateSource("v3html/test-view/v3-html-test-view_en.ftl"): Not found
2021-11-24 20:42:26 DEBUG cache:45 - TemplateLoader.findTemplateSource("v3html/test-view/v3-html-test-view.ftl"): Found
2021-11-24 20:42:26 DEBUG cache:45 - Loading template for "v3html/test-view/v3-html-test-view.ftl"("en", UTF-8, parsed) from "jar:file:/C:/Users/admin/.m2/repository/com/aventstack/extentreports/4.0.9/extentreports-4.0.9.jar!/com/aventstack/extentreports/view/v3html/test-view/v3-html-test-view.ftl"
2021-11-24 20:42:26 DEBUG cache:45 - Couldn't find template in cache for "v3html/test-view/v3-html-test-view-charts.ftl"("en", UTF-8, parsed); will try to load it.
2021-11-24 20:42:26 DEBUG cache:45 - TemplateLoader.findTemplateSource("v3html/test-view/v3-html-test-view-charts_en.ftl"): Not found
2021-11-24 20:42:26 DEBUG cache:45 - TemplateLoader.findTemplateSource("v3html/test-view/v3-html-test-view-charts.ftl"): Found
2021-11-24 20:42:26 DEBUG cache:45 - Loading template for "v3html/test-view/v3-html-test-view-charts.ftl"("en", UTF-8, parsed) from "jar:file:/C:/Users/admin/.m2/repository/com/aventstack/extentreports/4.0.9/extentreports-4.0.9.jar!/com/aventstack/extentreports/view/v3html/test-view/v3-html-test-view-charts.ftl"
2021-11-24 20:42:26 DEBUG cache:45 - Couldn't find template in cache for "v3html/test-view/v3-html-standard.ftl"("en", UTF-8, parsed); will try to load it.
2021-11-24 20:42:26 DEBUG cache:45 - TemplateLoader.findTemplateSource("v3html/test-view/v3-html-standard_en.ftl"): Not found
2021-11-24 20:42:26 DEBUG cache:45 - TemplateLoader.findTemplateSource("v3html/test-view/v3-html-standard.ftl"): Found
2021-11-24 20:42:26 DEBUG cache:45 - Loading template for "v3html/test-view/v3-html-standard.ftl"("en", UTF-8, parsed) from "jar:file:/C:/Users/admin/.m2/repository/com/aventstack/extentreports/4.0.9/extentreports-4.0.9.jar!/com/aventstack/extentreports/view/v3html/test-view/v3-html-standard.ftl"
2021-11-24 20:42:26 DEBUG cache:45 - "v3html/test-view/v3-html-standard.ftl"("en", UTF-8, parsed) cached copy not yet stale; using cached.
2021-11-24 20:42:26 DEBUG cache:45 - "v3html/test-view/v3-html-standard.ftl"("en", UTF-8, parsed) cached copy not yet stale; using cached.
2021-11-24 20:42:26 DEBUG cache:45 - "v3html/test-view/v3-html-standard.ftl"("en", UTF-8, parsed) cached copy not yet stale; using cached.
2021-11-24 20:42:26 DEBUG cache:45 - "v3html/test-view/v3-html-standard.ftl"("en", UTF-8, parsed) cached copy not yet stale; using cached.
2021-11-24 20:42:26 DEBUG cache:45 - "v3html/test-view/v3-html-standard.ftl"("en", UTF-8, parsed) cached copy not yet stale; using cached.
2021-11-24 20:42:26 DEBUG cache:45 - "v3html/test-view/v3-html-standard.ftl"("en", UTF-8, parsed) cached copy not yet stale; using cached.
2021-11-24 20:42:26 DEBUG cache:45 - "v3html/test-view/v3-html-standard.ftl"("en", UTF-8, parsed) cached copy not yet stale; using cached.
2021-11-24 20:42:26 DEBUG cache:45 - "v3html/test-view/v3-html-standard.ftl"("en", UTF-8, parsed) cached copy not yet stale; using cached.
2021-11-24 20:42:26 DEBUG cache:45 - "v3html/test-view/v3-html-standard.ftl"("en", UTF-8, parsed) cached copy not yet stale; using cached.
2021-11-24 20:42:26 DEBUG cache:45 - "v3html/test-view/v3-html-standard.ftl"("en", UTF-8, parsed) cached copy not yet stale; using cached.
2021-11-24 20:42:26 DEBUG cache:45 - Couldn't find template in cache for "v3html/category-view/v3-html-category-view.ftl"("en", UTF-8, parsed); will try to load it.
2021-11-24 20:42:26 DEBUG cache:45 - TemplateLoader.findTemplateSource("v3html/category-view/v3-html-category-view_en.ftl"): Not found
2021-11-24 20:42:26 DEBUG cache:45 - TemplateLoader.findTemplateSource("v3html/category-view/v3-html-category-view.ftl"): Found
2021-11-24 20:42:26 DEBUG cache:45 - Loading template for "v3html/category-view/v3-html-category-view.ftl"("en", UTF-8, parsed) from "jar:file:/C:/Users/admin/.m2/repository/com/aventstack/extentreports/4.0.9/extentreports-4.0.9.jar!/com/aventstack/extentreports/view/v3html/category-view/v3-html-category-view.ftl"
2021-11-24 20:42:26 DEBUG cache:45 - Couldn't find template in cache for "v3html/exception-view/v3-html-exception-view.ftl"("en", UTF-8, parsed); will try to load it.
2021-11-24 20:42:26 DEBUG cache:45 - TemplateLoader.findTemplateSource("v3html/exception-view/v3-html-exception-view_en.ftl"): Not found
2021-11-24 20:42:26 DEBUG cache:45 - TemplateLoader.findTemplateSource("v3html/exception-view/v3-html-exception-view.ftl"): Found
2021-11-24 20:42:26 DEBUG cache:45 - Loading template for "v3html/exception-view/v3-html-exception-view.ftl"("en", UTF-8, parsed) from "jar:file:/C:/Users/admin/.m2/repository/com/aventstack/extentreports/4.0.9/extentreports-4.0.9.jar!/com/aventstack/extentreports/view/v3html/exception-view/v3-html-exception-view.ftl"
2021-11-24 20:42:26 DEBUG cache:45 - Couldn't find template in cache for "v3html/author-view/v3-html-author-view.ftl"("en", UTF-8, parsed); will try to load it.
2021-11-24 20:42:26 DEBUG cache:45 - TemplateLoader.findTemplateSource("v3html/author-view/v3-html-author-view_en.ftl"): Not found
2021-11-24 20:42:26 DEBUG cache:45 - TemplateLoader.findTemplateSource("v3html/author-view/v3-html-author-view.ftl"): Found
2021-11-24 20:42:26 DEBUG cache:45 - Loading template for "v3html/author-view/v3-html-author-view.ftl"("en", UTF-8, parsed) from "jar:file:/C:/Users/admin/.m2/repository/com/aventstack/extentreports/4.0.9/extentreports-4.0.9.jar!/com/aventstack/extentreports/view/v3html/author-view/v3-html-author-view.ftl"
2021-11-24 20:42:26 DEBUG cache:45 - Couldn't find template in cache for "v3html/dashboard-view/v3-html-dashboard-view.ftl"("en", UTF-8, parsed); will try to load it.
2021-11-24 20:42:26 DEBUG cache:45 - TemplateLoader.findTemplateSource("v3html/dashboard-view/v3-html-dashboard-view_en.ftl"): Not found
2021-11-24 20:42:26 DEBUG cache:45 - TemplateLoader.findTemplateSource("v3html/dashboard-view/v3-html-dashboard-view.ftl"): Found
2021-11-24 20:42:26 DEBUG cache:45 - Loading template for "v3html/dashboard-view/v3-html-dashboard-view.ftl"("en", UTF-8, parsed) from "jar:file:/C:/Users/admin/.m2/repository/com/aventstack/extentreports/4.0.9/extentreports-4.0.9.jar!/com/aventstack/extentreports/view/v3html/dashboard-view/v3-html-dashboard-view.ftl"
2021-11-24 20:42:26 DEBUG cache:45 - Couldn't find template in cache for "v3html/logs-view/v3-html-testrunner-logs-view.ftl"("en", UTF-8, parsed); will try to load it.
2021-11-24 20:42:26 DEBUG cache:45 - TemplateLoader.findTemplateSource("v3html/logs-view/v3-html-testrunner-logs-view_en.ftl"): Not found
2021-11-24 20:42:26 DEBUG cache:45 - TemplateLoader.findTemplateSource("v3html/logs-view/v3-html-testrunner-logs-view.ftl"): Found
2021-11-24 20:42:26 DEBUG cache:45 - Loading template for "v3html/logs-view/v3-html-testrunner-logs-view.ftl"("en", UTF-8, parsed) from "jar:file:/C:/Users/admin/.m2/repository/com/aventstack/extentreports/4.0.9/extentreports-4.0.9.jar!/com/aventstack/extentreports/view/v3html/logs-view/v3-html-testrunner-logs-view.ftl"
2021-11-26 12:16:48 INFO  Log:11 - =====================================Logintest TEST START=========================================
2021-11-26 12:16:48 INFO  Log:22 - user going to click on signin button
2021-11-26 12:16:52 INFO  Log:22 - Enter username and Password
2021-11-26 12:16:55 INFO  Log:22 - Login is successfully Done
2021-11-26 12:16:55 INFO  Log:15 - =====================================Logintest TEST END=========================================
2021-11-26 12:17:10 INFO  Log:11 - =====================================Logintest TEST START=========================================
2021-11-26 12:17:10 INFO  Log:22 - user going to click on signin button
2021-11-26 12:17:14 INFO  Log:22 - Enter username and Password
2021-11-26 12:17:17 INFO  Log:22 - Login is successfully Done
2021-11-26 12:17:17 INFO  Log:15 - =====================================Logintest TEST END=========================================
2021-11-26 12:21:20 INFO  Log:11 - =====================================Logintest TEST START=========================================
2021-11-26 12:21:20 INFO  Log:22 - user going to click on signin button
2021-11-26 12:21:24 INFO  Log:22 - Enter username and Password
2021-11-26 12:21:28 INFO  Log:22 - Login is successfully Done
2021-11-26 12:21:28 INFO  Log:15 - =====================================Logintest TEST END=========================================
2021-11-26 12:21:46 INFO  Log:11 - =====================================Logintest TEST START=========================================
2021-11-26 12:21:46 INFO  Log:22 - user going to click on signin button
2021-11-26 12:21:50 INFO  Log:22 - Enter username and Password
2021-11-26 12:21:52 INFO  Log:22 - Login is successfully Done
2021-11-26 12:21:52 INFO  Log:15 - =====================================Logintest TEST END=========================================
